<?xml version="1.0" encoding="UTF-8"?>
<testsuite xmlns:xsi="http://www.w3.org/2001/XMLSchema-instance" xsi:noNamespaceSchemaLocation="https://maven.apache.org/surefire/maven-surefire-plugin/xsd/surefire-test-report-3.0.xsd" version="3.0" name="TestSuite" time="296.511" tests="1" errors="0" skipped="0" failures="1">
  <properties>
[...]
</properties>
  <testcase name="TestRestaurant" classname="com.test.mobile.TestngClass" time="221.9">
    <failure message="An element could not be located on the page using the given search parameters.&#10;For documentation on this error, please visit: https://selenium.dev/exceptions/#no_such_element&#10;Build info: version: &apos;4.7.2&apos;, revision: &apos;4d4020c3b7&apos;&#10;System info: os.name: &apos;Windows 10&apos;, os.arch: &apos;amd64&apos;, os.version: &apos;10.0&apos;, java.version: &apos;17.0.5&apos;&#10;Driver info: io.appium.java_client.android.AndroidDriver&#10;Command: [5e8c71ae-fee6-42d3-bf62-efa1b456bdb0, findElement {using=xpath, value=(//android.widget.TextView[@content-desc=&quot;price â‚¹320 rupees&quot;])[1]}]&#10;Capabilities {appium:appActivity: in.swiggy.android.activitie..., appium:appPackage: in.swiggy.android, appium:databaseEnabled: false, appium:desired: {appActivity: in.swiggy.android.activitie..., appPackage: in.swiggy.android, platformName: android, platformVersion: 13}, appium:deviceApiLevel: 33, appium:deviceManufacturer: OnePlus, appium:deviceModel: CPH2381, appium:deviceName: 951ddac1, appium:deviceScreenDensity: 480, appium:deviceScreenSize: 1080x2412, appium:deviceUDID: 951ddac1, appium:javascriptEnabled: true, appium:locationContextEnabled: false, appium:networkConnectionEnabled: true, appium:pixelRatio: 3, appium:platformVersion: 13, appium:statBarHeight: 110, appium:takesScreenshot: true, appium:viewportRect: {height: 2192, left: 0, top: 110, width: 1080}, appium:warnings: {}, appium:webStorageEnabled: false, platformName: ANDROID}&#10;Session ID: 5e8c71ae-fee6-42d3-bf62-efa1b456bdb0" type="org.openqa.selenium.NoSuchElementException"><![CDATA[org.openqa.selenium.NoSuchElementException: 
An element could not be located on the page using the given search parameters.
For documentation on this error, please visit: https://selenium.dev/exceptions/#no_such_element
Build info: version: '4.7.2', revision: '4d4020c3b7'
System info: os.name: 'Windows 10', os.arch: 'amd64', os.version: '10.0', java.version: '17.0.5'
Driver info: io.appium.java_client.android.AndroidDriver
Command: [5e8c71ae-fee6-42d3-bf62-efa1b456bdb0, findElement {using=xpath, value=(//android.widget.TextView[@content-desc="price â‚¹320 rupees"])[1]}]
Capabilities {appium:appActivity: in.swiggy.android.activitie..., appium:appPackage: in.swiggy.android, appium:databaseEnabled: false, appium:desired: {appActivity: in.swiggy.android.activitie..., appPackage: in.swiggy.android, platformName: android, platformVersion: 13}, appium:deviceApiLevel: 33, appium:deviceManufacturer: OnePlus, appium:deviceModel: CPH2381, appium:deviceName: 951ddac1, appium:deviceScreenDensity: 480, appium:deviceScreenSize: 1080x2412, appium:deviceUDID: 951ddac1, appium:javascriptEnabled: true, appium:locationContextEnabled: false, appium:networkConnectionEnabled: true, appium:pixelRatio: 3, appium:platformVersion: 13, appium:statBarHeight: 110, appium:takesScreenshot: true, appium:viewportRect: {height: 2192, left: 0, top: 110, width: 1080}, appium:warnings: {}, appium:webStorageEnabled: false, platformName: ANDROID}
Session ID: 5e8c71ae-fee6-42d3-bf62-efa1b456bdb0
	at java.base/jdk.internal.reflect.NativeConstructorAccessorImpl.newInstance0(Native Method)
	at java.base/jdk.internal.reflect.NativeConstructorAccessorImpl.newInstance(NativeConstructorAccessorImpl.java:77)
	at java.base/jdk.internal.reflect.DelegatingConstructorAccessorImpl.newInstance(DelegatingConstructorAccessorImpl.java:45)
	at java.base/java.lang.reflect.Constructor.newInstanceWithCaller(Constructor.java:499)
	at java.base/java.lang.reflect.Constructor.newInstance(Constructor.java:480)
	at org.openqa.selenium.remote.codec.w3c.W3CHttpResponseCodec.createException(W3CHttpResponseCodec.java:200)
	at org.openqa.selenium.remote.codec.w3c.W3CHttpResponseCodec.decode(W3CHttpResponseCodec.java:133)
	at org.openqa.selenium.remote.codec.w3c.W3CHttpResponseCodec.decode(W3CHttpResponseCodec.java:53)
	at org.openqa.selenium.remote.HttpCommandExecutor.execute(HttpCommandExecutor.java:184)
	at io.appium.java_client.remote.AppiumCommandExecutor.execute(AppiumCommandExecutor.java:262)
	at org.openqa.selenium.remote.RemoteWebDriver.execute(RemoteWebDriver.java:535)
	at org.openqa.selenium.remote.ElementLocation$ElementFinder$2.findElement(ElementLocation.java:162)
	at org.openqa.selenium.remote.ElementLocation.findElement(ElementLocation.java:60)
	at org.openqa.selenium.remote.RemoteWebDriver.findElement(RemoteWebDriver.java:351)
	at org.openqa.selenium.remote.RemoteWebDriver.findElement(RemoteWebDriver.java:343)
	at com.test.mobile.TestngClass.TestRestaurant(TestngClass.java:471)
	at java.base/jdk.internal.reflect.NativeMethodAccessorImpl.invoke0(Native Method)
	at java.base/jdk.internal.reflect.NativeMethodAccessorImpl.invoke(NativeMethodAccessorImpl.java:77)
	at java.base/jdk.internal.reflect.DelegatingMethodAccessorImpl.invoke(DelegatingMethodAccessorImpl.java:43)
	at java.base/java.lang.reflect.Method.invoke(Method.java:568)
	at org.testng.internal.invokers.MethodInvocationHelper.invokeMethod(MethodInvocationHelper.java:139)
	at org.testng.internal.invokers.TestInvoker.invokeMethod(TestInvoker.java:677)
	at org.testng.internal.invokers.TestInvoker.invokeTestMethod(TestInvoker.java:221)
	at org.testng.internal.invokers.MethodRunner.runInSequence(MethodRunner.java:50)
	at org.testng.internal.invokers.TestInvoker$MethodInvocationAgent.invoke(TestInvoker.java:969)
	at org.testng.internal.invokers.TestInvoker.invokeTestMethods(TestInvoker.java:194)
	at org.testng.internal.invokers.TestMethodWorker.invokeTestMethods(TestMethodWorker.java:148)
	at org.testng.internal.invokers.TestMethodWorker.run(TestMethodWorker.java:128)
	at java.base/java.util.ArrayList.forEach(ArrayList.java:1511)
	at org.testng.TestRunner.privateRun(TestRunner.java:829)
	at org.testng.TestRunner.run(TestRunner.java:602)
	at org.testng.SuiteRunner.runTest(SuiteRunner.java:437)
	at org.testng.SuiteRunner.runSequentially(SuiteRunner.java:431)
	at org.testng.SuiteRunner.privateRun(SuiteRunner.java:391)
	at org.testng.SuiteRunner.run(SuiteRunner.java:330)
	at org.testng.SuiteRunnerWorker.runSuite(SuiteRunnerWorker.java:52)
	at org.testng.SuiteRunnerWorker.run(SuiteRunnerWorker.java:95)
	at org.testng.TestNG.runSuitesSequentially(TestNG.java:1256)
	at org.testng.TestNG.runSuitesLocally(TestNG.java:1176)
	at org.testng.TestNG.runSuites(TestNG.java:1099)
	at org.testng.TestNG.run(TestNG.java:1067)
	at org.apache.maven.surefire.testng.TestNGExecutor.run(TestNGExecutor.java:324)
	at org.apache.maven.surefire.testng.TestNGXmlTestSuite.execute(TestNGXmlTestSuite.java:74)
	at org.apache.maven.surefire.testng.TestNGProvider.invoke(TestNGProvider.java:123)
	at org.apache.maven.surefire.booter.ForkedBooter.runSuitesInProcess(ForkedBooter.java:456)
	at org.apache.maven.surefire.booter.ForkedBooter.execute(ForkedBooter.java:169)
	at org.apache.maven.surefire.booter.ForkedBooter.run(ForkedBooter.java:595)
	at org.apache.maven.surefire.booter.ForkedBooter.main(ForkedBooter.java:581)
]]></failure>
    <system-out><![CDATA[2023-03-04 16:03:09.368
04032023_040309
Test started
C:\Users\shashgu3\eclipse-workspace\Phase4\ReportsExecution_04032023_040309.html
5e8c71ae-fee6-42d3-bf62-efa1b456bdb0
TestRestaurant Starting
Test
10
Biryani
Biryani
Dish
Dish
Chicken Biryani
Chicken Biryani
Dish
Dish
Meghana Special Biryani
Meghana Special Biryani
Dish
Dish
Mani's Dum Biryani
Mani's Dum Biryani
Restaurant
Restaurant
Chicken Boneless Biryani
Chicken Boneless Biryani
Dish
Dish
Dindigul Thalappakatti
Restaurant  name doesn't matches
1080
2302
Meghana Foods
Restaurant  name matches
1080
2302
Sharief Bhai
Restaurant  name doesn't matches
1080
2302
Shanmukha Restaurant
Restaurant  name doesn't matches
1080
2302
NARMADA CHAIN OF RESTAURANT
Restaurant  name doesn't matches
1080
2302
1080
2302
1080
2302
1080
2302
1080
2302
1080
2302
printing startsX84
printing startsY1140
printing width 480
₹320
]]></system-out>
    <system-err><![CDATA[SLF4J: No SLF4J providers were found.
SLF4J: Defaulting to no-operation (NOP) logger implementation
SLF4J: See https://www.slf4j.org/codes.html#noProviders for further details.
ERROR StatusLogger Log4j2 could not find a logging implementation. Please add log4j-core to the classpath. Using SimpleLogger to log to the console...
]]></system-err>
  </testcase>
</testsuite>